<?xml version="1.0" encoding="UTF-8"?>
<testng-results skipped="0" failed="0" total="2" passed="2">
  <reporter-output>
  </reporter-output>
  <suite name="Default suite" duration-ms="171" started-at="2014-12-21T12:55:27Z" finished-at="2014-12-21T12:55:28Z">
    <groups>
    </groups>
    <test name="Default test" duration-ms="171" started-at="2014-12-21T12:55:27Z" finished-at="2014-12-21T12:55:28Z">
      <class name="run.PatternTest">
        <test-method status="PASS" signature="testMetaInformation()[pri:0, instance:run.PatternTest@483bf400]" name="testMetaInformation" duration-ms="34" started-at="2014-12-21T13:55:28Z" finished-at="2014-12-21T13:55:28Z">
          <reporter-output>
          </reporter-output>
        </test-method> <!-- testMetaInformation -->
        <test-method status="PASS" signature="testSettersAndGetters()[pri:0, instance:run.PatternTest@483bf400]" name="testSettersAndGetters" duration-ms="107" started-at="2014-12-21T13:55:28Z" finished-at="2014-12-21T13:55:28Z">
          <reporter-output>
          </reporter-output>
        </test-method> <!-- testSettersAndGetters -->
      </class> <!-- run.PatternTest -->
    </test> <!-- Default test -->
  </suite> <!-- Default suite -->
</testng-results>
